<?xml version="1.0" encoding="UTF-8"?>
<!-- Generated by org.testng.reporters.JUnitReportReporter -->
<testsuite hostname="Lena-TOSH" name="com.example.tests.GroupCreationTests" tests="2" failures="0" timestamp="21 May 2014 12:19:46 GMT" time="2.721" errors="0">
  <testcase name="testNonEmptyGroupCreation" time="1.342" classname="com.example.tests.GroupCreationTests"/>
  <testcase name="testEmptyGroupCreation" time="1.379" classname="com.example.tests.GroupCreationTests"/>
</testsuite> <!-- com.example.tests.GroupCreationTests -->
