<?xml version="1.0" encoding="UTF-8"?>
<!-- Generated by org.testng.reporters.JUnitReportReporter -->
<testsuite hostname="Lena-TOSH" name="com.example.tests.ContactCreationTests" tests="3" failures="0" timestamp="21 May 2014 12:19:46 GMT" time="6.411" errors="0">
  <testcase name="testEmptyContactCreation" time="2.018" classname="com.example.tests.ContactCreationTests"/>
  <testcase name="testEmptyContactCreation2" time="1.989" classname="com.example.tests.ContactCreationTests"/>
  <testcase name="testNonEmptyContactCreation" time="2.404" classname="com.example.tests.ContactCreationTests"/>
</testsuite> <!-- com.example.tests.ContactCreationTests -->
